2023-11-01T00:38:18.981+07:00  WARN 16576 --- [main] ory$DuplicateJsonObjectContextCustomizer : 

Found multiple occurrences of org.json.JSONObject on the class path:

	jar:file:/C:/Users/dtiaw/.m2/repository/com/vaadin/external/google/android-json/0.0.20131108.vaadin1/android-json-0.0.20131108.vaadin1.jar!/org/json/JSONObject.class
	jar:file:/C:/Users/dtiaw/.m2/repository/org/json/json/20230227/json-20230227.jar!/org/json/JSONObject.class

You may wish to exclude one of them to ensure predictable runtime behavior

2023-11-01T00:38:19.025+07:00  INFO 16576 --- [main] com.robot.RobotApplicationTests          : Starting RobotApplicationTests using Java 17.0.7 with PID 16576 (started by dtiaw in C:\Users\dtiaw\git\StarParts-API)
2023-11-01T00:38:19.028+07:00  INFO 16576 --- [main] com.robot.RobotApplicationTests          : No active profile set, falling back to 1 default profile: "default"
2023-11-01T00:38:21.015+07:00  INFO 16576 --- [main] .s.d.r.c.RepositoryConfigurationDelegate : Bootstrapping Spring Data JPA repositories in DEFAULT mode.
2023-11-01T00:38:21.236+07:00  INFO 16576 --- [main] .s.d.r.c.RepositoryConfigurationDelegate : Finished Spring Data repository scanning in 201 ms. Found 11 JPA repository interfaces.
2023-11-01T00:38:22.328+07:00  INFO 16576 --- [main] o.hibernate.jpa.internal.util.LogHelper  : HHH000204: Processing PersistenceUnitInfo [name: default]
2023-11-01T00:38:22.472+07:00  INFO 16576 --- [main] org.hibernate.Version                    : HHH000412: Hibernate ORM core version 6.1.7.Final
2023-11-01T00:38:23.225+07:00  INFO 16576 --- [main] com.zaxxer.hikari.HikariDataSource       : HikariPool-1 - Starting...
2023-11-01T00:38:23.630+07:00  INFO 16576 --- [main] com.zaxxer.hikari.pool.HikariPool        : HikariPool-1 - Added connection org.postgresql.jdbc.PgConnection@38022758
2023-11-01T00:38:23.636+07:00  INFO 16576 --- [main] com.zaxxer.hikari.HikariDataSource       : HikariPool-1 - Start completed.
2023-11-01T00:38:23.697+07:00  INFO 16576 --- [main] SQL dialect                              : HHH000400: Using dialect: org.hibernate.dialect.PostgreSQLDialect
2023-11-01T00:38:25.544+07:00  INFO 16576 --- [main] o.h.e.t.j.p.i.JtaPlatformInitiator       : HHH000490: Using JtaPlatform implementation: [org.hibernate.engine.transaction.jta.platform.internal.NoJtaPlatform]
2023-11-01T00:38:25.562+07:00  INFO 16576 --- [main] j.LocalContainerEntityManagerFactoryBean : Initialized JPA EntityManagerFactory for persistence unit 'default'
2023-11-01T00:38:27.432+07:00  WARN 16576 --- [main] JpaBaseConfiguration$JpaWebConfiguration : spring.jpa.open-in-view is enabled by default. Therefore, database queries may be performed during view rendering. Explicitly configure spring.jpa.open-in-view to disable this warning
2023-11-01T00:38:28.361+07:00  INFO 16576 --- [main] com.robot.RobotApplicationTests          : Started RobotApplicationTests in 9.88 seconds (process running for 12.061)
2023-11-01T00:38:28.875+07:00  INFO 16576 --- [SpringApplicationShutdownHook] j.LocalContainerEntityManagerFactoryBean : Closing JPA EntityManagerFactory for persistence unit 'default'
2023-11-01T00:38:28.881+07:00  INFO 16576 --- [SpringApplicationShutdownHook] com.zaxxer.hikari.HikariDataSource       : HikariPool-1 - Shutdown initiated...
2023-11-01T00:38:28.898+07:00  INFO 16576 --- [SpringApplicationShutdownHook] com.zaxxer.hikari.HikariDataSource       : HikariPool-1 - Shutdown completed.
